<?xml version="1.0" encoding="UTF-8"?>
<testsuite xmlns:xsi="http://www.w3.org/2001/XMLSchema-instance" xsi:noNamespaceSchemaLocation="https://maven.apache.org/surefire/maven-surefire-plugin/xsd/surefire-test-report-3.0.xsd" version="3.0" name="runners.TestRunner" time="5.695" tests="1" errors="0" skipped="0" failures="1">
  <properties>
[...]
</properties>
  <testcase name="feature" classname="runners.TestRunner" time="5.12">
    <failure message="org.openqa.selenium.ElementClickInterceptedException: element click intercepted: Element &lt;span class=&quot;RveJvd snByac&quot;&gt;...&lt;/span&gt; is not clickable at point (604, 503). Other element would receive the click: &lt;div class=&quot;ANuIbb IdAqtf&quot; jsname=&quot;k4HEge&quot; tabindex=&quot;0&quot;&gt;&lt;/div&gt;&#10;  (Session info: chrome=75.0.3770.80)&#10;Build info: version: &apos;3.141.59&apos;, revision: &apos;e82be7d358&apos;, time: &apos;2018-11-14T08:17:03&apos;&#10;System info: host: &apos;DESKTOP-AG89RSG&apos;, ip: &apos;192.168.56.1&apos;, os.name: &apos;Windows 10&apos;, os.arch: &apos;amd64&apos;, os.version: &apos;10.0&apos;, java.version: &apos;1.8.0_191&apos;&#10;Driver info: org.openqa.selenium.chrome.ChromeDriver&#10;Capabilities {acceptInsecureCerts: false, browserName: chrome, browserVersion: 75.0.3770.80, chrome: {chromedriverVersion: 75.0.3770.8 (681f24ea911fe7..., userDataDir: C:\Users\BIDEMI~1\AppData\L...}, goog:chromeOptions: {debuggerAddress: localhost:54005}, javascriptEnabled: true, networkConnectionEnabled: false, pageLoadStrategy: normal, platform: XP, platformName: XP, proxy: Proxy(), setWindowRect: true, strictFileInteractability: false, timeouts: {implicit: 0, pageLoad: 300000, script: 30000}, unhandledPromptBehavior: dismiss and notify}&#10;Session ID: c4825c5f099f45473a821f43b8071c0b" type="cucumber.runtime.CucumberException"><![CDATA[cucumber.runtime.CucumberException: 
org.openqa.selenium.ElementClickInterceptedException: element click intercepted: Element <span class="RveJvd snByac">...</span> is not clickable at point (604, 503). Other element would receive the click: <div class="ANuIbb IdAqtf" jsname="k4HEge" tabindex="0"></div>
  (Session info: chrome=75.0.3770.80)
Build info: version: '3.141.59', revision: 'e82be7d358', time: '2018-11-14T08:17:03'
System info: host: 'DESKTOP-AG89RSG', ip: '192.168.56.1', os.name: 'Windows 10', os.arch: 'amd64', os.version: '10.0', java.version: '1.8.0_191'
Driver info: org.openqa.selenium.chrome.ChromeDriver
Capabilities {acceptInsecureCerts: false, browserName: chrome, browserVersion: 75.0.3770.80, chrome: {chromedriverVersion: 75.0.3770.8 (681f24ea911fe7..., userDataDir: C:\Users\BIDEMI~1\AppData\L...}, goog:chromeOptions: {debuggerAddress: localhost:54005}, javascriptEnabled: true, networkConnectionEnabled: false, pageLoadStrategy: normal, platform: XP, platformName: XP, proxy: Proxy(), setWindowRect: true, strictFileInteractability: false, timeouts: {implicit: 0, pageLoad: 300000, script: 30000}, unhandledPromptBehavior: dismiss and notify}
Session ID: c4825c5f099f45473a821f43b8071c0b
	at runners.TestRunner.feature(TestRunner.java:27)
Caused by: org.openqa.selenium.ElementClickInterceptedException: 
element click intercepted: Element <span class="RveJvd snByac">...</span> is not clickable at point (604, 503). Other element would receive the click: <div class="ANuIbb IdAqtf" jsname="k4HEge" tabindex="0"></div>
  (Session info: chrome=75.0.3770.80)
Build info: version: '3.141.59', revision: 'e82be7d358', time: '2018-11-14T08:17:03'
System info: host: 'DESKTOP-AG89RSG', ip: '192.168.56.1', os.name: 'Windows 10', os.arch: 'amd64', os.version: '10.0', java.version: '1.8.0_191'
Driver info: org.openqa.selenium.chrome.ChromeDriver
Capabilities {acceptInsecureCerts: false, browserName: chrome, browserVersion: 75.0.3770.80, chrome: {chromedriverVersion: 75.0.3770.8 (681f24ea911fe7..., userDataDir: C:\Users\BIDEMI~1\AppData\L...}, goog:chromeOptions: {debuggerAddress: localhost:54005}, javascriptEnabled: true, networkConnectionEnabled: false, pageLoadStrategy: normal, platform: XP, platformName: XP, proxy: Proxy(), setWindowRect: true, strictFileInteractability: false, timeouts: {implicit: 0, pageLoad: 300000, script: 30000}, unhandledPromptBehavior: dismiss and notify}
Session ID: c4825c5f099f45473a821f43b8071c0b
]]></failure>
    <system-out><![CDATA[@Login @Test
Feature: i want to verify login details on Google mail
  As a Google mail user
  i want to verify user name and password match

  Scenario: Validate username and password on Google mail account     &amp#27;[90m# login.feature:8&amp#27;[0m
    &amp#27;[31mGiven &amp#27;[0m&amp#27;[31mi'm on Google mail web&amp#27;[0m                                      &amp#27;[90m# LoginSteps.i_m_on_Google_mail_web()&amp#27;[0m
      &amp#27;[31morg.openqa.selenium.ElementClickInterceptedException: element click intercepted: Element <span class="RveJvd snByac">...</span> is not clickable at point (604, 503). Other element would receive the click: <div class="ANuIbb IdAqtf" jsname="k4HEge" tabindex="0"></div>
        (Session info: chrome=75.0.3770.80)
      Build info: version: '3.141.59', revision: 'e82be7d358', time: '2018-11-14T08:17:03'
      System info: host: 'DESKTOP-AG89RSG', ip: '192.168.56.1', os.name: 'Windows 10', os.arch: 'amd64', os.version: '10.0', java.version: '1.8.0_191'
      Driver info: org.openqa.selenium.chrome.ChromeDriver
      Capabilities {acceptInsecureCerts: false, browserName: chrome, browserVersion: 75.0.3770.80, chrome: {chromedriverVersion: 75.0.3770.8 (681f24ea911fe7..., userDataDir: C:\Users\BIDEMI~1\AppData\L...}, goog:chromeOptions: {debuggerAddress: localhost:54005}, javascriptEnabled: true, networkConnectionEnabled: false, pageLoadStrategy: normal, platform: XP, platformName: XP, proxy: Proxy(), setWindowRect: true, strictFileInteractability: false, timeouts: {implicit: 0, pageLoad: 300000, script: 30000}, unhandledPromptBehavior: dismiss and notify}
      Session ID: c4825c5f099f45473a821f43b8071c0b
      	at sun.reflect.NativeConstructorAccessorImpl.newInstance0(Native Method)
      	at sun.reflect.NativeConstructorAccessorImpl.newInstance(NativeConstructorAccessorImpl.java:62)
      	at sun.reflect.DelegatingConstructorAccessorImpl.newInstance(DelegatingConstructorAccessorImpl.java:45)
      	at java.lang.reflect.Constructor.newInstance(Constructor.java:423)
      	at org.openqa.selenium.remote.http.W3CHttpResponseCodec.createException(W3CHttpResponseCodec.java:187)
      	at org.openqa.selenium.remote.http.W3CHttpResponseCodec.decode(W3CHttpResponseCodec.java:122)
      	at org.openqa.selenium.remote.http.W3CHttpResponseCodec.decode(W3CHttpResponseCodec.java:49)
      	at org.openqa.selenium.remote.HttpCommandExecutor.execute(HttpCommandExecutor.java:158)
      	at org.openqa.selenium.remote.service.DriverCommandExecutor.execute(DriverCommandExecutor.java:83)
      	at org.openqa.selenium.remote.RemoteWebDriver.execute(RemoteWebDriver.java:552)
      	at org.openqa.selenium.remote.RemoteWebElement.execute(RemoteWebElement.java:285)
      	at org.openqa.selenium.remote.RemoteWebElement.click(RemoteWebElement.java:84)
      	at stepdefinition.LoginSteps.i_m_on_Google_mail_web(LoginSteps.java:32)
      	at ?.Given i'm on Google mail web(login.feature:9)
      &amp#27;[0m
    &amp#27;[36mWhen &amp#27;[0m&amp#27;[36mi enter valid "&amp#27;[0m&amp#27;[36m&amp#27;[1musername&amp#27;[0m&amp#27;[36m" with "&amp#27;[0m&amp#27;[36m&amp#27;[1mautomationfunworld@gmail.com&amp#27;[0m&amp#27;[36m"&amp#27;[0m &amp#27;[90m# LoginSteps.iEnterValidWith(String,String)&amp#27;[0m
    &amp#27;[36mAnd &amp#27;[0m&amp#27;[36mI invalid "&amp#27;[0m&amp#27;[36m&amp#27;[1mpassword&amp#27;[0m&amp#27;[36m" with "&amp#27;[0m&amp#27;[36m&amp#27;[1mautomation2016&amp#27;[0m&amp#27;[36m"&amp#27;[0m                    &amp#27;[90m# LoginSteps.iInvalidWith(String,String)&amp#27;[0m
    &amp#27;[36mThen &amp#27;[0m&amp#27;[36mError message should be displayed&amp#27;[0m                            &amp#27;[90m# LoginSteps.errorMessageShouldBeDisplayed(String)&amp#27;[0m
]]></system-out>
    <system-err><![CDATA[Starting ChromeDriver 75.0.3770.8 (681f24ea911fe754973dda2fdc6d2a2e159dd300-refs/branch-heads/3770@{#40}) on port 29047
Only local connections are allowed.
Please protect ports used by ChromeDriver and related test frameworks to prevent access by malicious code.
Jun 13, 2019 5:34:39 PM org.openqa.selenium.remote.ProtocolHandshake createSession
INFO: Detected dialect: W3C
]]></system-err>
  </testcase>
</testsuite>